<?xml version="1.0" encoding="UTF-8"?>
<testsuite xmlns:xsi="http://www.w3.org/2001/XMLSchema-instance" xsi:noNamespaceSchemaLocation="https://maven.apache.org/surefire/maven-surefire-plugin/xsd/surefire-test-report-3.0.xsd" version="3.0" name="TestSuite" time="40.546" tests="2" errors="0" skipped="0" failures="0">
  <properties>
[...]
</properties>
  <testcase name="countOfLinks" classname="com.OrangeHRM.testCases.TC002_NumberOfLinks" time="3.428">
    <system-out><![CDATA[[TestNGContentHandler] [WARN] It is strongly recommended to add "<!DOCTYPE suite SYSTEM "http://testng.org/testng-1.0.dtd" >" at the top of your file, otherwise TestNG may fail or not work as expected.
*********Test started for class TC002_NumberOfLinks**********
[INFO ] 18-02-2023 12:54:43.658 TC002_NumberOfLinks - Chrome browser is launched
[INFO ] 18-02-2023 12:54:50.660 TC002_NumberOfLinks - Orange HRM application is launched
*********Test started for methodcountOfLinks**********
[INFO ] 18-02-2023 12:54:54.093 TC002_NumberOfLinks - The count of links on Orange HRM application Login page are -5
]]></system-out>
    <system-err><![CDATA[SLF4J: Failed to load class "org.slf4j.impl.StaticLoggerBinder".
SLF4J: Defaulting to no-operation (NOP) logger implementation
SLF4J: See http://www.slf4j.org/codes.html#StaticLoggerBinder for further details.
Starting ChromeDriver 109.0.5414.74 (e7c5703604daa9cc128ccf5a5d3e993513758913-refs/branch-heads/5414@{#1172}) on port 46997
Only local connections are allowed.
Please see https://chromedriver.chromium.org/security-considerations for suggestions on keeping ChromeDriver safe.
ChromeDriver was started successfully.
Feb 18, 2023 12:54:43 AM org.openqa.selenium.remote.ProtocolHandshake createSession
INFO: Detected dialect: W3C
]]></system-err>
  </testcase>
  <testcase name="checkDashboardText" classname="com.OrangeHRM.testCases.TC001_VerifyDashboardText" time="6.406">
    <system-out><![CDATA[*********Test successful for methodcountOfLinks**********
[INFO ] 18-02-2023 12:54:55.073 TC002_NumberOfLinks - Orange HRM application is closed successfully
*********Test finished for class TC002_NumberOfLinks**********
*********Test started for class TC001_VerifyDashboardText**********
[INFO ] 18-02-2023 12:54:59.358 TC001_VerifyDashboardText - Chrome browser is launched
[INFO ] 18-02-2023 12:55:03.849 TC001_VerifyDashboardText - Orange HRM application is launched
*********Test started for methodcheckDashboardText**********
The value entered in username field is Admin
The value entered in password field is admin123
Login button is clicked
[INFO ] 18-02-2023 12:55:10.286 TC001_VerifyDashboardText - Dashboard text is present on the top
]]></system-out>
    <system-err><![CDATA[Starting ChromeDriver 109.0.5414.74 (e7c5703604daa9cc128ccf5a5d3e993513758913-refs/branch-heads/5414@{#1172}) on port 18271
Only local connections are allowed.
Please see https://chromedriver.chromium.org/security-considerations for suggestions on keeping ChromeDriver safe.
ChromeDriver was started successfully.
Feb 18, 2023 12:54:59 AM org.openqa.selenium.remote.ProtocolHandshake createSession
INFO: Detected dialect: W3C
]]></system-err>
  </testcase>
</testsuite>