<?xml version="1.0" encoding="UTF-8"?>
<testng-results skipped="0" failed="0" ignored="0" total="2" passed="2">
  <reporter-output>
  </reporter-output>
  <suite name="RegressionSuite" duration-ms="26583" started-at="2023-02-18T05:04:34Z" finished-at="2023-02-18T05:05:00Z">
    <groups>
    </groups>
    <test name="TC002_NumberOfLinks" duration-ms="11269" started-at="2023-02-18T05:04:34Z" finished-at="2023-02-18T05:04:45Z">
      <class name="com.OrangeHRM.testCases.TC002_NumberOfLinks">
        <test-method status="PASS" signature="setup(java.lang.String)[pri:0, instance:com.OrangeHRM.testCases.TC002_NumberOfLinks@17e93f1]" name="setup" is-config="true" duration-ms="8880" started-at="2023-02-18T05:04:34Z" finished-at="2023-02-18T05:04:43Z">
          <params>
            <param index="0">
              <value>
                <![CDATA[chrome]]>
              </value>
            </param>
          </params>
          <reporter-output>
          </reporter-output>
        </test-method> <!-- setup -->
        <test-method status="PASS" signature="countOfLinks()[pri:0, instance:com.OrangeHRM.testCases.TC002_NumberOfLinks@17e93f1]" name="countOfLinks" duration-ms="1718" started-at="2023-02-18T05:04:43Z" finished-at="2023-02-18T05:04:44Z">
          <reporter-output>
          </reporter-output>
        </test-method> <!-- countOfLinks -->
        <test-method status="PASS" signature="closeApplication()[pri:0, instance:com.OrangeHRM.testCases.TC002_NumberOfLinks@17e93f1]" name="closeApplication" is-config="true" duration-ms="614" started-at="2023-02-18T05:04:44Z" finished-at="2023-02-18T05:04:45Z">
          <reporter-output>
          </reporter-output>
        </test-method> <!-- closeApplication -->
      </class> <!-- com.OrangeHRM.testCases.TC002_NumberOfLinks -->
    </test> <!-- TC002_NumberOfLinks -->
    <test name="TC001_VerifyDashboardText" duration-ms="15286" started-at="2023-02-18T05:04:45Z" finished-at="2023-02-18T05:05:00Z">
      <class name="com.OrangeHRM.testCases.TC001_VerifyDashboardText">
        <test-method status="PASS" signature="setup(java.lang.String)[pri:0, instance:com.OrangeHRM.testCases.TC001_VerifyDashboardText@1b4f2a9]" name="setup" is-config="true" duration-ms="7276" started-at="2023-02-18T05:04:45Z" finished-at="2023-02-18T05:04:52Z">
          <params>
            <param index="0">
              <value>
                <![CDATA[chrome]]>
              </value>
            </param>
          </params>
          <reporter-output>
          </reporter-output>
        </test-method> <!-- setup -->
        <test-method status="PASS" signature="checkDashboardText()[pri:0, instance:com.OrangeHRM.testCases.TC001_VerifyDashboardText@1b4f2a9]" name="checkDashboardText" duration-ms="7254" started-at="2023-02-18T05:04:52Z" finished-at="2023-02-18T05:05:00Z">
          <reporter-output>
          </reporter-output>
        </test-method> <!-- checkDashboardText -->
        <test-method status="PASS" signature="closeApplication()[pri:0, instance:com.OrangeHRM.testCases.TC001_VerifyDashboardText@1b4f2a9]" name="closeApplication" is-config="true" duration-ms="749" started-at="2023-02-18T05:05:00Z" finished-at="2023-02-18T05:05:00Z">
          <reporter-output>
          </reporter-output>
        </test-method> <!-- closeApplication -->
      </class> <!-- com.OrangeHRM.testCases.TC001_VerifyDashboardText -->
    </test> <!-- TC001_VerifyDashboardText -->
  </suite> <!-- RegressionSuite -->
</testng-results>
